<?xml version="1.0" encoding="UTF-8"?>
<!-- Generated by org.testng.reporters.JUnitXMLReporter -->
<testsuite ignored="0" hostname="DESKTOP-8UECSCI" failures="0" tests="3" name="Default test" time="16.421" errors="0" timestamp="2025-04-11T22:47:02 IST">
  <testcase classname="testNg_Framework.parent" name="setUp" time="6.974"/>
  <testcase classname="testNg_Framework.parent" name="setUp" time="2.808"/>
  <testcase classname="testNg_Framework.DependencyMethodTestDemo" name="login" time="6.553"/>
</testsuite> <!-- Default test -->
