<?xml version="1.0" encoding="UTF-8"?>
<!-- Generated by org.testng.reporters.JUnitXMLReporter -->
<testsuite ignored="8" hostname="DESKTOP-8UECSCI" failures="0" tests="1" name="Test" time="0.079" errors="0" timestamp="2025-05-16T10:59:36 IST">
  <testcase classname="testNg_Framework.GroupDemo" name="test2" time="0.014"/>
  <testcase classname="testNg_Framework.GroupDemo" name="test7" time="0.0">
    <ignored/>
  </testcase> <!-- test7 -->
  <testcase classname="testNg_Framework.GroupDemo" name="test6" time="0.0">
    <ignored/>
  </testcase> <!-- test6 -->
  <testcase classname="testNg_Framework.GroupDemo" name="test5" time="0.0">
    <ignored/>
  </testcase> <!-- test5 -->
  <testcase classname="testNg_Framework.GroupDemo" name="test4" time="0.0">
    <ignored/>
  </testcase> <!-- test4 -->
  <testcase classname="testNg_Framework.GroupDemo" name="test9" time="0.0">
    <ignored/>
  </testcase> <!-- test9 -->
  <testcase classname="testNg_Framework.GroupDemo" name="test8" time="0.0">
    <ignored/>
  </testcase> <!-- test8 -->
  <testcase classname="testNg_Framework.GroupDemo" name="test3" time="0.0">
    <ignored/>
  </testcase> <!-- test3 -->
  <testcase classname="testNg_Framework.GroupDemo" name="test1" time="0.0">
    <ignored/>
  </testcase> <!-- test1 -->
</testsuite> <!-- Test -->
