<?xml version="1.0" encoding="UTF-8"?>
<!-- Generated by org.testng.reporters.JUnitXMLReporter -->
<testsuite ignored="3" hostname="DESKTOP-8UECSCI" failures="0" tests="6" name="Test" time="0.116" errors="0" timestamp="2025-05-18T12:27:55 IST">
  <testcase classname="testNg_Framework.GroupDemo" name="test3" time="0.014"/>
  <testcase classname="testNg_Framework.GroupDemo" name="test5" time="0.003"/>
  <testcase classname="testNg_Framework.GroupDemo" name="test6" time="0.003"/>
  <testcase classname="testNg_Framework.GroupDemo" name="test7" time="0.003"/>
  <testcase classname="testNg_Framework.GroupDemo" name="test8" time="0.003"/>
  <testcase classname="testNg_Framework.GroupDemo" name="test9" time="0.001"/>
  <testcase classname="testNg_Framework.GroupDemo" name="test1" time="0.0">
    <ignored/>
  </testcase> <!-- test1 -->
  <testcase classname="testNg_Framework.GroupDemo" name="test2" time="0.0">
    <ignored/>
  </testcase> <!-- test2 -->
  <testcase classname="testNg_Framework.GroupDemo" name="test4" time="0.0">
    <ignored/>
  </testcase> <!-- test4 -->
</testsuite> <!-- Test -->
