<?xml version="1.0" encoding="UTF-8"?>
<testsuite xmlns:xsi="http://www.w3.org/2001/XMLSchema-instance" xsi:noNamespaceSchemaLocation="https://maven.apache.org/surefire/maven-surefire-plugin/xsd/surefire-test-report-3.0.xsd" version="3.0" name="TestSuite" time="1.109" tests="6" errors="0" skipped="0" failures="0">
  <properties>
[...]
</properties>
  <testcase name="test3" classname="testNg_Framework.GroupDemo" time="0.024">
    <system-out><![CDATA[Test 3 {"Smoke", "Sanity"}
]]></system-out>
    <system-err><![CDATA[SLF4J(W): No SLF4J providers were found.
SLF4J(W): Defaulting to no-operation (NOP) logger implementation
SLF4J(W): See https://www.slf4j.org/codes.html#noProviders for further details.
]]></system-err>
  </testcase>
  <testcase name="test5" classname="testNg_Framework.GroupDemo" time="0.003">
    <system-out><![CDATA[Test 5 {"Smoke","Regression"}
]]></system-out>
  </testcase>
  <testcase name="test6" classname="testNg_Framework.GroupDemo" time="0.005">
    <system-out><![CDATA[Test 6 {"Sanity","Regression"}
]]></system-out>
  </testcase>
  <testcase name="test7" classname="testNg_Framework.GroupDemo" time="0.002">
    <system-out><![CDATA[Test 7 {"Smoke","Sanity", "Regression"}
]]></system-out>
  </testcase>
  <testcase name="test8" classname="testNg_Framework.GroupDemo" time="0.004">
    <system-out><![CDATA[Test 8 {"Smoke"}
]]></system-out>
  </testcase>
  <testcase name="test9" classname="testNg_Framework.GroupDemo" time="0.003">
    <system-out><![CDATA[Test 9 {"Sanity"}
]]></system-out>
  </testcase>
</testsuite>