<?xml version="1.0" encoding="UTF-8"?>
<testng-results ignored="0" total="3" passed="3" failed="0" skipped="0">
  <reporter-output>
  </reporter-output>
  <suite started-at="2025-04-11T22:46:46 IST" name="Default suite" finished-at="2025-04-11T22:47:02 IST" duration-ms="16421">
    <groups>
    </groups>
    <test started-at="2025-04-11T22:46:46 IST" name="Default test" finished-at="2025-04-11T22:47:02 IST" duration-ms="16421">
      <class name="testNg_Framework.parent">
        <test-method signature="setUp()[pri:0, instance:testNg_Framework.parent@385c9627]" started-at="2025-04-11T22:46:46 IST" name="setUp" finished-at="2025-04-11T22:46:53 IST" duration-ms="6974" status="PASS">
          <reporter-output>
          </reporter-output>
        </test-method> <!-- setUp -->
      </class> <!-- testNg_Framework.parent -->
      <class name="testNg_Framework.DependencyMethodTestDemo">
        <test-method signature="setUp()[pri:0, instance:testNg_Framework.DependencyMethodTestDemo@477b4cdf]" started-at="2025-04-11T22:46:53 IST" name="setUp" finished-at="2025-04-11T22:46:56 IST" duration-ms="2808" status="PASS">
          <reporter-output>
          </reporter-output>
        </test-method> <!-- setUp -->
        <test-method signature="login()[pri:0, instance:testNg_Framework.DependencyMethodTestDemo@477b4cdf]" started-at="2025-04-11T22:46:56 IST" name="login" finished-at="2025-04-11T22:47:02 IST" depends-on-methods="testNg_Framework.parent.setUp" duration-ms="6553" status="PASS">
          <reporter-output>
          </reporter-output>
        </test-method> <!-- login -->
      </class> <!-- testNg_Framework.DependencyMethodTestDemo -->
    </test> <!-- Default test -->
  </suite> <!-- Default suite -->
</testng-results>
