<?xml version="1.0" encoding="UTF-8"?>
<testng-results ignored="0" total="1" passed="1" failed="0" skipped="0">
  <reporter-output>
  </reporter-output>
  <suite started-at="2025-05-16T18:15:34 IST" name="Default suite" finished-at="2025-05-16T18:15:51 IST" duration-ms="17264">
    <groups>
    </groups>
    <test started-at="2025-05-16T18:15:34 IST" name="Default test" finished-at="2025-05-16T18:15:51 IST" duration-ms="17264">
      <class name="pomFrameworkPractice.CallingPOM">
        <test-method signature="executionMethod()[pri:0, instance:pomFrameworkPractice.CallingPOM@424e1977]" started-at="2025-05-16T18:15:34 IST" name="executionMethod" finished-at="2025-05-16T18:15:51 IST" duration-ms="17177" status="PASS">
          <reporter-output>
          </reporter-output>
        </test-method> <!-- executionMethod -->
      </class> <!-- pomFrameworkPractice.CallingPOM -->
    </test> <!-- Default test -->
  </suite> <!-- Default suite -->
</testng-results>
